11/18/2023 04:28:55 PM: INFO: ****** title verifications *****:
11/18/2023 04:29:06 PM: INFO: ****** title verifications *****:
11/18/2023 04:29:12 PM: INFO: ****** title verifications *****:
11/18/2023 07:54:30 PM: INFO: ****** title verifications *****:
11/18/2023 07:54:45 PM: INFO: ****** title verifications *****:
11/18/2023 07:54:49 PM: INFO: ****** title verifications *****:
11/18/2023 07:55:35 PM: INFO: ****** title verifications *****:
11/18/2023 07:55:36 PM: INFO: ****** title verifications *****:
11/18/2023 07:55:43 PM: INFO: ****** title verifications *****:
11/18/2023 07:56:42 PM: INFO: ****** title verifications *****:
11/18/2023 07:56:43 PM: INFO: ****** title verifications *****:
11/18/2023 07:56:47 PM: INFO: ****** title verifications *****:
11/18/2023 07:59:50 PM: INFO: ****** title verifications *****:
11/18/2023 08:00:12 PM: INFO: ****** title verifications *****:
11/18/2023 08:00:16 PM: INFO: ****** title verifications *****:
11/18/2023 08:45:39 PM: INFO: ****** title verifications *****:
11/18/2023 08:46:01 PM: INFO: ****** title verifications *****:
11/18/2023 08:46:05 PM: INFO: ****** title verifications *****:
11/18/2023 08:48:24 PM: INFO: ****** title verifications *****:
11/18/2023 08:48:25 PM: INFO: ****** title verifications *****:
11/18/2023 08:48:32 PM: INFO: ****** title verifications *****:
11/19/2023 09:34:05 AM: INFO: ****** title verifications *****:
11/19/2023 09:34:17 AM: INFO: ****** title verifications *****:
11/19/2023 09:34:38 AM: INFO: ****** title verifications *****:
11/19/2023 09:51:12 AM: INFO: ****** title verifications *****:
11/19/2023 09:51:33 AM: INFO: ****** title verifications *****:
11/19/2023 12:09:25 PM: INFO: ****** title verifications *****:
11/19/2023 12:09:47 PM: INFO: ****** title verifications *****:
11/19/2023 12:10:00 PM: INFO: ****** title verifications *****:
11/19/2023 12:24:19 PM: INFO: ****** title verifications *****:
11/19/2023 12:24:20 PM: INFO: ****** title verifications *****:
11/19/2023 12:24:32 PM: INFO: ****** title verifications *****:
11/19/2023 12:25:07 PM: INFO: ****** title verifications *****:
11/19/2023 12:25:08 PM: INFO: ****** title verifications *****:
11/19/2023 12:25:20 PM: INFO: ****** title verifications *****:
11/20/2023 01:26:04 PM: INFO: ****** title verifications *****:
11/20/2023 01:26:19 PM: INFO: ****** title verifications *****:
11/20/2023 02:48:02 PM: INFO: ****** title verifications *****:
11/20/2023 05:16:41 PM: INFO: ****** title verifications *****:
11/20/2023 05:16:46 PM: INFO: ****** title verifications *****:
11/20/2023 05:17:01 PM: INFO: ****** title verifications *****:
11/20/2023 05:18:27 PM: INFO: ****** title verifications *****:
11/20/2023 05:18:27 PM: INFO: ****** title verifications *****:
11/20/2023 05:18:36 PM: INFO: ****** title verifications *****:
11/20/2023 06:45:36 PM: INFO: ****** title verifications *****:
11/20/2023 06:45:58 PM: INFO: ****** title verifications *****:
11/20/2023 06:46:05 PM: INFO: ****** title verifications *****:
11/20/2023 06:54:33 PM: INFO: ****** title verifications *****:
11/20/2023 06:54:45 PM: INFO: ****** title verifications *****:
11/20/2023 06:55:08 PM: INFO: ****** title verifications *****:
11/20/2023 07:32:09 PM: INFO: ****** title verifications *****:
11/20/2023 07:32:13 PM: INFO: ****** title verifications *****:
11/20/2023 07:33:07 PM: INFO: ****** title verifications *****:
11/20/2023 07:33:09 PM: INFO: ****** title verifications *****:
11/20/2023 07:33:15 PM: INFO: ****** title verifications *****:
11/20/2023 09:39:20 PM: INFO: ****** title verifications *****:
11/20/2023 09:39:41 PM: INFO: ****** title verifications *****:
11/20/2023 09:39:47 PM: INFO: ****** title verifications *****:
11/21/2023 05:52:11 AM: INFO: ****** title verifications *****:
11/21/2023 05:52:17 AM: INFO: ****** title verifications *****:
11/21/2023 06:01:25 AM: INFO: ****** title verifications *****:
11/21/2023 06:01:37 AM: INFO: ****** title verifications *****:
11/21/2023 06:01:41 AM: INFO: ****** title verifications *****:
11/21/2023 06:07:15 AM: INFO: ****** title verifications *****:
11/21/2023 06:07:36 AM: INFO: ****** title verifications *****:
11/21/2023 06:08:54 AM: INFO: ****** title verifications *****:
11/21/2023 06:08:55 AM: INFO: ****** title verifications *****:
11/21/2023 07:09:04 AM: INFO: Passed
11/21/2023 07:09:57 AM: INFO: Passed
11/21/2023 07:13:59 AM: INFO: Passed
11/21/2023 07:17:43 AM: INFO: Passed
11/21/2023 07:18:39 AM: INFO: Passed
11/21/2023 07:51:18 AM: INFO: ****** title verifications *****:
11/21/2023 07:51:23 AM: INFO: ****** title verifications *****:
11/21/2023 07:51:41 AM: INFO: ****** title verifications *****:
11/21/2023 08:12:52 AM: WARNING: Retrying (Retry(total=2, connect=None, read=None, redirect=None, status=None)) after connection broken by 'NewConnectionError('<urllib3.connection.HTTPConnection object at 0x000001AF2AC40E80>: Failed to establish a new connection: [WinError 10061] No connection could be made because the target machine actively refused it')': /session/6b145ce9-bb03-4769-8f72-212f57e2b81e/element
11/21/2023 08:12:57 AM: WARNING: Retrying (Retry(total=1, connect=None, read=None, redirect=None, status=None)) after connection broken by 'NewConnectionError('<urllib3.connection.HTTPConnection object at 0x000001AF2AC49850>: Failed to establish a new connection: [WinError 10061] No connection could be made because the target machine actively refused it')': /session/6b145ce9-bb03-4769-8f72-212f57e2b81e/element
11/21/2023 08:13:01 AM: WARNING: Retrying (Retry(total=0, connect=None, read=None, redirect=None, status=None)) after connection broken by 'NewConnectionError('<urllib3.connection.HTTPConnection object at 0x000001AF2AC63C70>: Failed to establish a new connection: [WinError 10061] No connection could be made because the target machine actively refused it')': /session/6b145ce9-bb03-4769-8f72-212f57e2b81e/element
11/21/2023 08:14:41 AM: WARNING: Retrying (Retry(total=2, connect=None, read=None, redirect=None, status=None)) after connection broken by 'NewConnectionError('<urllib3.connection.HTTPConnection object at 0x000002409558E430>: Failed to establish a new connection: [WinError 10061] No connection could be made because the target machine actively refused it')': /session/e93f1ff7-3e52-491f-922d-8293d9e4b890/element
11/21/2023 08:14:46 AM: WARNING: Retrying (Retry(total=1, connect=None, read=None, redirect=None, status=None)) after connection broken by 'NewConnectionError('<urllib3.connection.HTTPConnection object at 0x0000024095576070>: Failed to establish a new connection: [WinError 10061] No connection could be made because the target machine actively refused it')': /session/e93f1ff7-3e52-491f-922d-8293d9e4b890/element
11/21/2023 08:14:51 AM: WARNING: Retrying (Retry(total=0, connect=None, read=None, redirect=None, status=None)) after connection broken by 'NewConnectionError('<urllib3.connection.HTTPConnection object at 0x0000024095592C10>: Failed to establish a new connection: [WinError 10061] No connection could be made because the target machine actively refused it')': /session/e93f1ff7-3e52-491f-922d-8293d9e4b890/element
11/21/2023 08:41:54 AM: INFO: ****** title verifications *****:
11/21/2023 08:42:16 AM: INFO: ****** title verifications *****:
11/21/2023 08:42:31 AM: INFO: ****** title verifications *****:
11/21/2023 08:45:20 AM: WARNING: Retrying (Retry(total=2, connect=None, read=None, redirect=None, status=None)) after connection broken by 'NewConnectionError('<urllib3.connection.HTTPConnection object at 0x00000177E5ED4CE0>: Failed to establish a new connection: [WinError 10061] No connection could be made because the target machine actively refused it')': /session/01596a22-7e92-4ef7-97e3-35209df209d9/element
11/21/2023 08:45:24 AM: WARNING: Retrying (Retry(total=1, connect=None, read=None, redirect=None, status=None)) after connection broken by 'NewConnectionError('<urllib3.connection.HTTPConnection object at 0x00000177E47FE2D0>: Failed to establish a new connection: [WinError 10061] No connection could be made because the target machine actively refused it')': /session/01596a22-7e92-4ef7-97e3-35209df209d9/element
11/21/2023 08:45:28 AM: WARNING: Retrying (Retry(total=0, connect=None, read=None, redirect=None, status=None)) after connection broken by 'NewConnectionError('<urllib3.connection.HTTPConnection object at 0x00000177E5ED6420>: Failed to establish a new connection: [WinError 10061] No connection could be made because the target machine actively refused it')': /session/01596a22-7e92-4ef7-97e3-35209df209d9/element
11/21/2023 09:08:43 AM: WARNING: Retrying (Retry(total=2, connect=None, read=None, redirect=None, status=None)) after connection broken by 'NewConnectionError('<urllib3.connection.HTTPConnection object at 0x0000028FF4D2D880>: Failed to establish a new connection: [WinError 10061] No connection could be made because the target machine actively refused it')': /session/799b169d-78a0-4d32-8a4c-1f60360594d2/element
11/21/2023 09:08:47 AM: WARNING: Retrying (Retry(total=1, connect=None, read=None, redirect=None, status=None)) after connection broken by 'NewConnectionError('<urllib3.connection.HTTPConnection object at 0x0000028FF4D2F290>: Failed to establish a new connection: [WinError 10061] No connection could be made because the target machine actively refused it')': /session/799b169d-78a0-4d32-8a4c-1f60360594d2/element
11/21/2023 09:08:51 AM: WARNING: Retrying (Retry(total=0, connect=None, read=None, redirect=None, status=None)) after connection broken by 'NewConnectionError('<urllib3.connection.HTTPConnection object at 0x0000028FF4CFBF20>: Failed to establish a new connection: [WinError 10061] No connection could be made because the target machine actively refused it')': /session/799b169d-78a0-4d32-8a4c-1f60360594d2/element
11/21/2023 09:13:07 AM: WARNING: Retrying (Retry(total=2, connect=None, read=None, redirect=None, status=None)) after connection broken by 'NewConnectionError('<urllib3.connection.HTTPConnection object at 0x00000178BE4BC530>: Failed to establish a new connection: [WinError 10061] No connection could be made because the target machine actively refused it')': /session/9300a114-52d7-453c-b2e4-ad680364b25a/element
11/21/2023 09:13:12 AM: WARNING: Retrying (Retry(total=1, connect=None, read=None, redirect=None, status=None)) after connection broken by 'NewConnectionError('<urllib3.connection.HTTPConnection object at 0x00000178B6A2C260>: Failed to establish a new connection: [WinError 10061] No connection could be made because the target machine actively refused it')': /session/9300a114-52d7-453c-b2e4-ad680364b25a/element
11/21/2023 09:13:16 AM: WARNING: Retrying (Retry(total=0, connect=None, read=None, redirect=None, status=None)) after connection broken by 'NewConnectionError('<urllib3.connection.HTTPConnection object at 0x00000178BE4BF140>: Failed to establish a new connection: [WinError 10061] No connection could be made because the target machine actively refused it')': /session/9300a114-52d7-453c-b2e4-ad680364b25a/element
11/21/2023 09:15:04 AM: WARNING: Retrying (Retry(total=2, connect=None, read=None, redirect=None, status=None)) after connection broken by 'NewConnectionError('<urllib3.connection.HTTPConnection object at 0x000001DF133D8A40>: Failed to establish a new connection: [WinError 10061] No connection could be made because the target machine actively refused it')': /session/108a8cd9-fdea-4e09-9924-dbda12d807d9/element
11/21/2023 09:15:08 AM: WARNING: Retrying (Retry(total=1, connect=None, read=None, redirect=None, status=None)) after connection broken by 'NewConnectionError('<urllib3.connection.HTTPConnection object at 0x000001DF13398AD0>: Failed to establish a new connection: [WinError 10061] No connection could be made because the target machine actively refused it')': /session/108a8cd9-fdea-4e09-9924-dbda12d807d9/element
11/21/2023 09:15:13 AM: WARNING: Retrying (Retry(total=0, connect=None, read=None, redirect=None, status=None)) after connection broken by 'NewConnectionError('<urllib3.connection.HTTPConnection object at 0x000001DF133D85C0>: Failed to establish a new connection: [WinError 10061] No connection could be made because the target machine actively refused it')': /session/108a8cd9-fdea-4e09-9924-dbda12d807d9/element
11/21/2023 09:18:32 AM: WARNING: Retrying (Retry(total=2, connect=None, read=None, redirect=None, status=None)) after connection broken by 'NewConnectionError('<urllib3.connection.HTTPConnection object at 0x000001F6587D1340>: Failed to establish a new connection: [WinError 10061] No connection could be made because the target machine actively refused it')': /session/3f75f2fb-26d7-47c6-aaec-39d252c79578/element
11/21/2023 09:18:36 AM: WARNING: Retrying (Retry(total=1, connect=None, read=None, redirect=None, status=None)) after connection broken by 'NewConnectionError('<urllib3.connection.HTTPConnection object at 0x000001F658759190>: Failed to establish a new connection: [WinError 10061] No connection could be made because the target machine actively refused it')': /session/3f75f2fb-26d7-47c6-aaec-39d252c79578/element
11/21/2023 09:18:40 AM: WARNING: Retrying (Retry(total=0, connect=None, read=None, redirect=None, status=None)) after connection broken by 'NewConnectionError('<urllib3.connection.HTTPConnection object at 0x000001F6587E0CA0>: Failed to establish a new connection: [WinError 10061] No connection could be made because the target machine actively refused it')': /session/3f75f2fb-26d7-47c6-aaec-39d252c79578/element
11/21/2023 09:20:12 AM: WARNING: Retrying (Retry(total=2, connect=None, read=None, redirect=None, status=None)) after connection broken by 'NewConnectionError('<urllib3.connection.HTTPConnection object at 0x000001E5CBB9B440>: Failed to establish a new connection: [WinError 10061] No connection could be made because the target machine actively refused it')': /session/0a3a79b0-befb-4da4-bfa8-12f6652531f2/element
11/21/2023 09:20:16 AM: WARNING: Retrying (Retry(total=1, connect=None, read=None, redirect=None, status=None)) after connection broken by 'NewConnectionError('<urllib3.connection.HTTPConnection object at 0x000001E5CA520380>: Failed to establish a new connection: [WinError 10061] No connection could be made because the target machine actively refused it')': /session/0a3a79b0-befb-4da4-bfa8-12f6652531f2/element
11/21/2023 09:20:20 AM: WARNING: Retrying (Retry(total=0, connect=None, read=None, redirect=None, status=None)) after connection broken by 'NewConnectionError('<urllib3.connection.HTTPConnection object at 0x000001E5CBBDB530>: Failed to establish a new connection: [WinError 10061] No connection could be made because the target machine actively refused it')': /session/0a3a79b0-befb-4da4-bfa8-12f6652531f2/element
11/21/2023 10:08:31 AM: INFO: Passed
11/21/2023 10:08:33 AM: INFO: DDT passed
11/21/2023 10:16:57 AM: INFO: Passed
11/21/2023 10:20:20 AM: INFO: Passed
11/21/2023 10:22:24 AM: INFO: Passed
11/21/2023 10:22:25 AM: INFO: DDT passed
11/21/2023 10:25:56 AM: INFO: Passed
11/21/2023 10:25:56 AM: INFO: DDT passed
11/21/2023 11:17:12 AM: INFO: Passed
11/21/2023 11:17:12 AM: INFO: DDT passed
11/21/2023 11:18:55 AM: INFO: Passed
11/21/2023 11:19:50 AM: INFO: Passed
11/21/2023 11:19:52 AM: INFO: DDT passed
11/21/2023 11:22:45 AM: INFO: Passed
11/21/2023 11:22:45 AM: INFO: DDT passed
11/21/2023 11:50:42 AM: INFO: Passed
11/21/2023 11:50:42 AM: INFO: DDT passed
11/21/2023 11:51:42 AM: INFO: Passed
11/21/2023 11:51:42 AM: INFO: DDT passed
11/21/2023 11:54:50 AM: INFO: Passed
11/21/2023 11:54:50 AM: INFO: DDT passed
11/21/2023 11:59:53 AM: INFO: Passed
11/21/2023 11:59:53 AM: INFO: DDT passed
11/21/2023 12:37:23 PM: INFO: Passed
11/21/2023 12:37:23 PM: INFO: DDT passed
11/21/2023 12:55:32 PM: INFO: Passed
11/21/2023 12:55:32 PM: INFO: DDT passed
11/23/2023 10:26:54 AM: INFO: ****** title verifications *****:
11/23/2023 10:26:55 AM: INFO: ****** title verifications *****:
11/23/2023 10:27:10 AM: INFO: ****** title verifications *****:
11/23/2023 10:31:01 AM: INFO: ****** title verifications *****:
11/23/2023 10:31:03 AM: INFO: ****** title verifications *****:
11/23/2023 10:31:40 AM: INFO: ****** title verifications *****:
11/23/2023 10:31:41 AM: INFO: ****** title verifications *****:
11/23/2023 10:31:55 AM: INFO: ****** title verifications *****:
11/28/2023 01:43:56 PM: INFO: ******* Starting Test_002_DDT_Login Test **********
11/28/2023 01:43:56 PM: INFO: ******* Starting Login DDT Test **********
11/28/2023 01:44:31 PM: INFO: **** passed ****
11/28/2023 01:49:16 PM: INFO: ******* Starting Test_002_DDT_Login Test **********
11/28/2023 01:49:16 PM: INFO: ******* Starting Login DDT Test **********
11/28/2023 01:49:43 PM: INFO: **** passed ****
11/28/2023 01:50:52 PM: INFO: ******* Starting Test_002_DDT_Login Test **********
11/28/2023 01:50:52 PM: INFO: ******* Starting Login DDT Test **********
11/28/2023 01:50:59 PM: INFO: **** passed ****
11/28/2023 01:52:01 PM: INFO: ******* Starting Test_002_DDT_Login Test **********
11/28/2023 01:52:01 PM: INFO: ******* Starting Login DDT Test **********
11/28/2023 01:52:08 PM: INFO: **** passed ****
11/28/2023 01:52:36 PM: INFO: ******* Starting Test_002_DDT_Login Test **********
11/28/2023 01:52:36 PM: INFO: ******* Starting Login DDT Test **********
11/28/2023 01:52:43 PM: INFO: **** passed ****
11/28/2023 01:56:50 PM: INFO: ******* Starting Test_002_DDT_Login Test **********
11/28/2023 01:56:50 PM: INFO: ******* Starting Login DDT Test **********
11/28/2023 01:56:58 PM: INFO: **** passed ****
11/28/2023 01:59:16 PM: INFO: ******* Starting Test_002_DDT_Login Test **********
11/28/2023 01:59:16 PM: INFO: ******* Starting Login DDT Test **********
11/28/2023 01:59:23 PM: INFO: **** passed ****
11/28/2023 02:00:27 PM: INFO: ******* Starting Test_002_DDT_Login Test **********
11/28/2023 02:00:27 PM: INFO: ******* Starting Login DDT Test **********
11/28/2023 02:00:33 PM: INFO: **** passed ****
11/28/2023 02:01:19 PM: INFO: ******* Starting Test_002_DDT_Login Test **********
11/28/2023 02:01:19 PM: INFO: ******* Starting Login DDT Test **********
11/28/2023 02:01:26 PM: INFO: **** passed ****
11/28/2023 02:34:51 PM: INFO: ******* Starting Test_002_DDT_Login Test **********
11/28/2023 02:34:51 PM: INFO: ******* Starting Login DDT Test **********
11/28/2023 02:34:59 PM: INFO: **** passed ****
11/28/2023 02:35:58 PM: INFO: ******* Starting Test_002_DDT_Login Test **********
11/28/2023 02:35:58 PM: INFO: ******* Starting Login DDT Test **********
11/28/2023 02:36:03 PM: INFO: **** passed ****
11/28/2023 02:37:35 PM: INFO: ******* Starting Test_002_DDT_Login Test **********
11/28/2023 02:37:35 PM: INFO: ******* Starting Login DDT Test **********
11/28/2023 02:37:41 PM: INFO: **** passed ****
11/28/2023 02:38:22 PM: INFO: ******* Starting Test_002_DDT_Login Test **********
11/28/2023 02:38:22 PM: INFO: ******* Starting Login DDT Test **********
11/28/2023 02:38:27 PM: INFO: **** passed ****
11/28/2023 02:39:04 PM: INFO: ******* Starting Test_002_DDT_Login Test **********
11/28/2023 02:39:04 PM: INFO: ******* Starting Login DDT Test **********
11/28/2023 02:39:09 PM: INFO: **** passed ****
11/28/2023 02:47:01 PM: INFO: ******* Starting Test_002_DDT_Login Test **********
11/28/2023 02:47:01 PM: INFO: ******* Starting Login DDT Test **********
11/28/2023 02:47:20 PM: INFO: **** passed ****
11/28/2023 02:49:34 PM: INFO: ******* Starting Test_002_DDT_Login Test **********
11/28/2023 02:49:34 PM: INFO: ******* Starting Login DDT Test **********
11/28/2023 02:51:16 PM: INFO: ******* Starting Test_002_DDT_Login Test **********
11/28/2023 02:51:16 PM: INFO: ******* Starting Login DDT Test **********
11/28/2023 02:51:21 PM: INFO: **** passed ****
11/28/2023 02:53:30 PM: INFO: ******* Starting Test_002_DDT_Login Test **********
11/28/2023 02:53:30 PM: INFO: ******* Starting Login DDT Test **********
11/28/2023 02:53:55 PM: INFO: **** passed ****
11/28/2023 02:59:14 PM: INFO: ******* Starting Test_002_DDT_Login Test **********
11/28/2023 02:59:14 PM: INFO: ******* Starting Login DDT Test **********
11/28/2023 02:59:50 PM: INFO: **** passed ****
11/28/2023 02:59:58 PM: WARNING: Retrying (Retry(total=2, connect=None, read=None, redirect=None, status=None)) after connection broken by 'NewConnectionError('<urllib3.connection.HTTPConnection object at 0x000001F5FE1C71C0>: Failed to establish a new connection: [WinError 10061] No connection could be made because the target machine actively refused it')': /session/2e9e2acc43b1ec55c82f293c6939eef9/element
11/28/2023 03:00:02 PM: WARNING: Retrying (Retry(total=1, connect=None, read=None, redirect=None, status=None)) after connection broken by 'NewConnectionError('<urllib3.connection.HTTPConnection object at 0x000001F5FE213D60>: Failed to establish a new connection: [WinError 10061] No connection could be made because the target machine actively refused it')': /session/2e9e2acc43b1ec55c82f293c6939eef9/element
11/28/2023 03:00:06 PM: WARNING: Retrying (Retry(total=0, connect=None, read=None, redirect=None, status=None)) after connection broken by 'NewConnectionError('<urllib3.connection.HTTPConnection object at 0x000001F5FE1CB880>: Failed to establish a new connection: [WinError 10061] No connection could be made because the target machine actively refused it')': /session/2e9e2acc43b1ec55c82f293c6939eef9/element
11/28/2023 03:00:29 PM: INFO: ******* Starting Test_002_DDT_Login Test **********
11/28/2023 03:00:29 PM: INFO: ******* Starting Login DDT Test **********
11/28/2023 03:00:34 PM: INFO: **** passed ****
11/28/2023 03:00:41 PM: WARNING: Retrying (Retry(total=2, connect=None, read=None, redirect=None, status=None)) after connection broken by 'NewConnectionError('<urllib3.connection.HTTPConnection object at 0x0000015D11523D00>: Failed to establish a new connection: [WinError 10061] No connection could be made because the target machine actively refused it')': /session/80307ea03c3b248df8e10cb6575a77f9/element
11/28/2023 03:00:45 PM: WARNING: Retrying (Retry(total=1, connect=None, read=None, redirect=None, status=None)) after connection broken by 'NewConnectionError('<urllib3.connection.HTTPConnection object at 0x0000015D1150B400>: Failed to establish a new connection: [WinError 10061] No connection could be made because the target machine actively refused it')': /session/80307ea03c3b248df8e10cb6575a77f9/element
11/28/2023 03:00:49 PM: WARNING: Retrying (Retry(total=0, connect=None, read=None, redirect=None, status=None)) after connection broken by 'NewConnectionError('<urllib3.connection.HTTPConnection object at 0x0000015D115604F0>: Failed to establish a new connection: [WinError 10061] No connection could be made because the target machine actively refused it')': /session/80307ea03c3b248df8e10cb6575a77f9/element
11/28/2023 03:09:25 PM: INFO: ******* Starting Test_002_DDT_Login Test **********
11/28/2023 03:09:25 PM: INFO: ******* Starting Login DDT Test **********
11/28/2023 03:10:31 PM: INFO: ******* Starting Test_002_DDT_Login Test **********
11/28/2023 03:10:31 PM: INFO: ******* Starting Login DDT Test **********
11/28/2023 03:11:36 PM: INFO: ******* Starting Test_002_DDT_Login Test **********
11/28/2023 03:11:36 PM: INFO: ******* Starting Login DDT Test **********
11/28/2023 03:14:28 PM: INFO: ******* Starting Test_002_DDT_Login Test **********
11/28/2023 03:14:28 PM: INFO: ******* Starting Login DDT Test **********
11/28/2023 03:15:44 PM: INFO: ******* Starting Test_002_DDT_Login Test **********
11/28/2023 03:15:44 PM: INFO: ******* Starting Login DDT Test **********
11/28/2023 03:16:57 PM: INFO: ******* Starting Test_002_DDT_Login Test **********
11/28/2023 03:16:57 PM: INFO: ******* Starting Login DDT Test **********
11/28/2023 03:17:08 PM: WARNING: Retrying (Retry(total=2, connect=None, read=None, redirect=None, status=None)) after connection broken by 'NewConnectionError('<urllib3.connection.HTTPConnection object at 0x000001DD37401FD0>: Failed to establish a new connection: [WinError 10061] No connection could be made because the target machine actively refused it')': /session/c2f9e98df71f8c5e319a8b9d6ca4ca93/element
11/28/2023 03:17:13 PM: WARNING: Retrying (Retry(total=1, connect=None, read=None, redirect=None, status=None)) after connection broken by 'NewConnectionError('<urllib3.connection.HTTPConnection object at 0x000001DD3740AFD0>: Failed to establish a new connection: [WinError 10061] No connection could be made because the target machine actively refused it')': /session/c2f9e98df71f8c5e319a8b9d6ca4ca93/element
11/28/2023 03:17:17 PM: WARNING: Retrying (Retry(total=0, connect=None, read=None, redirect=None, status=None)) after connection broken by 'NewConnectionError('<urllib3.connection.HTTPConnection object at 0x000001DD373EFA90>: Failed to establish a new connection: [WinError 10061] No connection could be made because the target machine actively refused it')': /session/c2f9e98df71f8c5e319a8b9d6ca4ca93/element
11/28/2023 03:25:24 PM: INFO: ******* Starting Test_002_DDT_Login Test **********
11/28/2023 03:25:24 PM: INFO: ******* Starting Login DDT Test **********
11/28/2023 03:32:38 PM: INFO: ******* Starting Test_002_DDT_Login Test **********
11/28/2023 03:32:38 PM: INFO: ******* Starting Login DDT Test **********
11/28/2023 03:33:30 PM: WARNING: Retrying (Retry(total=2, connect=None, read=None, redirect=None, status=None)) after connection broken by 'NewConnectionError('<urllib3.connection.HTTPConnection object at 0x0000020C4B53AD60>: Failed to establish a new connection: [WinError 10061] No connection could be made because the target machine actively refused it')': /session/5f2a5384688113119896ba9144d21af0/element
11/28/2023 03:33:35 PM: WARNING: Retrying (Retry(total=1, connect=None, read=None, redirect=None, status=None)) after connection broken by 'NewConnectionError('<urllib3.connection.HTTPConnection object at 0x0000020C4B4E4B20>: Failed to establish a new connection: [WinError 10061] No connection could be made because the target machine actively refused it')': /session/5f2a5384688113119896ba9144d21af0/element
11/28/2023 03:33:40 PM: WARNING: Retrying (Retry(total=0, connect=None, read=None, redirect=None, status=None)) after connection broken by 'NewConnectionError('<urllib3.connection.HTTPConnection object at 0x0000020C4B4E4610>: Failed to establish a new connection: [WinError 10061] No connection could be made because the target machine actively refused it')': /session/5f2a5384688113119896ba9144d21af0/element
11/28/2023 07:04:17 PM: INFO: ******* Starting Test_002_DDT_Login Test **********
11/28/2023 07:04:17 PM: INFO: ******* Starting Login DDT Test **********
11/28/2023 07:04:30 PM: INFO: **** failed ****
11/28/2023 07:06:22 PM: INFO: ******* Starting Test_002_DDT_Login Test **********
11/28/2023 07:06:22 PM: INFO: ******* Starting Login DDT Test **********
11/28/2023 07:06:32 PM: INFO: **** passed ****
11/28/2023 07:08:29 PM: INFO: ******* Starting Test_002_DDT_Login Test **********
11/28/2023 07:08:29 PM: INFO: ******* Starting Login DDT Test **********
11/28/2023 07:08:39 PM: INFO: **** passed ****
11/28/2023 07:10:54 PM: INFO: ******* Starting Test_002_DDT_Login Test **********
11/28/2023 07:10:54 PM: INFO: ******* Starting Login DDT Test **********
11/28/2023 07:11:05 PM: INFO: **** passed ****
11/28/2023 07:13:35 PM: INFO: ******* Starting Test_002_DDT_Login Test **********
11/28/2023 07:13:35 PM: INFO: ******* Starting Login DDT Test **********
11/28/2023 07:13:44 PM: INFO: **** passed ****
11/28/2023 07:13:52 PM: WARNING: Retrying (Retry(total=2, connect=None, read=None, redirect=None, status=None)) after connection broken by 'NewConnectionError('<urllib3.connection.HTTPConnection object at 0x00000262E9B176D0>: Failed to establish a new connection: [WinError 10061] No connection could be made because the target machine actively refused it')': /session/26d800fb-1a78-4f19-af72-fb5c4ba99e93/element
11/28/2023 07:13:56 PM: WARNING: Retrying (Retry(total=1, connect=None, read=None, redirect=None, status=None)) after connection broken by 'NewConnectionError('<urllib3.connection.HTTPConnection object at 0x00000262E9B02C70>: Failed to establish a new connection: [WinError 10061] No connection could be made because the target machine actively refused it')': /session/26d800fb-1a78-4f19-af72-fb5c4ba99e93/element
11/28/2023 07:14:00 PM: WARNING: Retrying (Retry(total=0, connect=None, read=None, redirect=None, status=None)) after connection broken by 'NewConnectionError('<urllib3.connection.HTTPConnection object at 0x00000262E9B02D90>: Failed to establish a new connection: [WinError 10061] No connection could be made because the target machine actively refused it')': /session/26d800fb-1a78-4f19-af72-fb5c4ba99e93/element
11/28/2023 07:16:38 PM: INFO: ******* Starting Test_002_DDT_Login Test **********
11/28/2023 07:16:38 PM: INFO: ******* Starting Login DDT Test **********
11/28/2023 07:16:45 PM: INFO: **** passed ****
11/28/2023 07:16:54 PM: WARNING: Retrying (Retry(total=2, connect=None, read=None, redirect=None, status=None)) after connection broken by 'NewConnectionError('<urllib3.connection.HTTPConnection object at 0x000001DDD2878C70>: Failed to establish a new connection: [WinError 10061] No connection could be made because the target machine actively refused it')': /session/1ecb68f2-ae21-4013-8ba7-30dcc18b9957/element
11/28/2023 07:16:58 PM: WARNING: Retrying (Retry(total=1, connect=None, read=None, redirect=None, status=None)) after connection broken by 'NewConnectionError('<urllib3.connection.HTTPConnection object at 0x000001DDD2878F10>: Failed to establish a new connection: [WinError 10061] No connection could be made because the target machine actively refused it')': /session/1ecb68f2-ae21-4013-8ba7-30dcc18b9957/element
11/28/2023 07:17:02 PM: WARNING: Retrying (Retry(total=0, connect=None, read=None, redirect=None, status=None)) after connection broken by 'NewConnectionError('<urllib3.connection.HTTPConnection object at 0x000001DDD28E8EE0>: Failed to establish a new connection: [WinError 10061] No connection could be made because the target machine actively refused it')': /session/1ecb68f2-ae21-4013-8ba7-30dcc18b9957/element
11/28/2023 07:18:42 PM: INFO: ******* Starting Test_002_DDT_Login Test **********
11/28/2023 07:18:42 PM: INFO: ******* Starting Login DDT Test **********
11/28/2023 07:18:50 PM: INFO: **** passed ****
11/28/2023 07:18:59 PM: WARNING: Retrying (Retry(total=2, connect=None, read=None, redirect=None, status=None)) after connection broken by 'NewConnectionError('<urllib3.connection.HTTPConnection object at 0x000002472A918730>: Failed to establish a new connection: [WinError 10061] No connection could be made because the target machine actively refused it')': /session/7e01592e-dbdc-4b91-81dd-8e378d54de8c/element
11/28/2023 07:19:03 PM: WARNING: Retrying (Retry(total=1, connect=None, read=None, redirect=None, status=None)) after connection broken by 'NewConnectionError('<urllib3.connection.HTTPConnection object at 0x000002472A90ED90>: Failed to establish a new connection: [WinError 10061] No connection could be made because the target machine actively refused it')': /session/7e01592e-dbdc-4b91-81dd-8e378d54de8c/element
11/28/2023 07:19:07 PM: WARNING: Retrying (Retry(total=0, connect=None, read=None, redirect=None, status=None)) after connection broken by 'NewConnectionError('<urllib3.connection.HTTPConnection object at 0x000002472A90EE20>: Failed to establish a new connection: [WinError 10061] No connection could be made because the target machine actively refused it')': /session/7e01592e-dbdc-4b91-81dd-8e378d54de8c/element
11/28/2023 07:20:09 PM: INFO: ******* Starting Test_002_DDT_Login Test **********
11/28/2023 07:20:09 PM: INFO: ******* Starting Login DDT Test **********
11/28/2023 07:20:17 PM: INFO: **** passed ****
11/28/2023 07:21:35 PM: INFO: ******* Starting Test_002_DDT_Login Test **********
11/28/2023 07:21:35 PM: INFO: ******* Starting Login DDT Test **********
11/28/2023 07:21:45 PM: INFO: **** passed ****
11/28/2023 07:24:15 PM: INFO: ******* Starting Test_002_DDT_Login Test **********
11/28/2023 07:24:15 PM: INFO: ******* Starting Login DDT Test **********
11/28/2023 07:24:34 PM: INFO: **** passed ****
11/28/2023 07:24:47 PM: WARNING: Retrying (Retry(total=2, connect=None, read=None, redirect=None, status=None)) after connection broken by 'NewConnectionError('<urllib3.connection.HTTPConnection object at 0x000002B74A1C2FD0>: Failed to establish a new connection: [WinError 10061] No connection could be made because the target machine actively refused it')': /session/fc3b23fb-919a-41b2-9b8f-1337c6d8c4f0/element
11/28/2023 07:24:51 PM: WARNING: Retrying (Retry(total=1, connect=None, read=None, redirect=None, status=None)) after connection broken by 'NewConnectionError('<urllib3.connection.HTTPConnection object at 0x000002B74A238F40>: Failed to establish a new connection: [WinError 10061] No connection could be made because the target machine actively refused it')': /session/fc3b23fb-919a-41b2-9b8f-1337c6d8c4f0/element
11/28/2023 07:24:55 PM: WARNING: Retrying (Retry(total=0, connect=None, read=None, redirect=None, status=None)) after connection broken by 'NewConnectionError('<urllib3.connection.HTTPConnection object at 0x000002B74A2258B0>: Failed to establish a new connection: [WinError 10061] No connection could be made because the target machine actively refused it')': /session/fc3b23fb-919a-41b2-9b8f-1337c6d8c4f0/element
11/28/2023 07:28:23 PM: INFO: ******* Starting Test_002_DDT_Login Test **********
11/28/2023 07:28:23 PM: INFO: ******* Starting Login DDT Test **********
11/28/2023 07:28:31 PM: INFO: **** passed ****
11/28/2023 07:30:25 PM: INFO: ******* Starting Test_002_DDT_Login Test **********
11/28/2023 07:30:25 PM: INFO: ******* Starting Login DDT Test **********
11/28/2023 07:30:56 PM: INFO: **** passed ****
11/28/2023 07:31:04 PM: WARNING: Retrying (Retry(total=2, connect=None, read=None, redirect=None, status=None)) after connection broken by 'NewConnectionError('<urllib3.connection.HTTPConnection object at 0x0000024FD196AD60>: Failed to establish a new connection: [WinError 10061] No connection could be made because the target machine actively refused it')': /session/38449c5e-5cbd-497b-a0f2-d5ab5e943189/element
11/28/2023 07:31:08 PM: WARNING: Retrying (Retry(total=1, connect=None, read=None, redirect=None, status=None)) after connection broken by 'NewConnectionError('<urllib3.connection.HTTPConnection object at 0x0000024FD196AC40>: Failed to establish a new connection: [WinError 10061] No connection could be made because the target machine actively refused it')': /session/38449c5e-5cbd-497b-a0f2-d5ab5e943189/element
11/28/2023 07:31:12 PM: WARNING: Retrying (Retry(total=0, connect=None, read=None, redirect=None, status=None)) after connection broken by 'NewConnectionError('<urllib3.connection.HTTPConnection object at 0x0000024FD19D8EE0>: Failed to establish a new connection: [WinError 10061] No connection could be made because the target machine actively refused it')': /session/38449c5e-5cbd-497b-a0f2-d5ab5e943189/element
11/28/2023 07:34:33 PM: INFO: ******* Starting Test_002_DDT_Login Test **********
11/28/2023 07:34:33 PM: INFO: ******* Starting Login DDT Test **********
11/28/2023 07:34:41 PM: INFO: **** passed ****
11/28/2023 07:35:59 PM: INFO: ******* Starting Test_002_DDT_Login Test **********
11/28/2023 07:35:59 PM: INFO: ******* Starting Login DDT Test **********
11/28/2023 07:36:09 PM: INFO: **** passed ****
11/28/2023 07:37:57 PM: INFO: ******* Starting Test_002_DDT_Login Test **********
11/28/2023 07:37:57 PM: INFO: ******* Starting Login DDT Test **********
11/28/2023 07:38:04 PM: INFO: **** passed ****
11/28/2023 07:38:10 PM: INFO: **** failed ****
11/28/2023 07:38:16 PM: INFO: **** failed ****
11/28/2023 07:38:21 PM: INFO: **** failed ****
11/28/2023 07:38:21 PM: ERROR: ******* DDT Login test failed **********
11/28/2023 07:40:14 PM: INFO: ******* Starting Test_002_DDT_Login Test **********
11/28/2023 07:40:14 PM: INFO: ******* Starting Login DDT Test **********
11/28/2023 07:40:22 PM: INFO: **** passed ****
11/28/2023 07:40:28 PM: INFO: **** failed ****
11/28/2023 07:40:34 PM: INFO: **** failed ****
11/28/2023 07:40:39 PM: INFO: **** failed ****
11/28/2023 07:40:39 PM: ERROR: ******* DDT Login test failed **********
11/28/2023 07:41:19 PM: INFO: ******* Starting Test_002_DDT_Login Test **********
11/28/2023 07:41:19 PM: INFO: ******* Starting Login DDT Test **********
11/28/2023 07:41:26 PM: INFO: **** passed ****
11/28/2023 07:41:32 PM: INFO: **** failed ****
11/28/2023 07:41:38 PM: INFO: **** failed ****
11/28/2023 07:41:43 PM: INFO: **** failed ****
11/28/2023 07:41:43 PM: INFO: ******* DDT Login test failed **********
11/28/2023 07:49:33 PM: INFO: ******* Starting Test_002_DDT_Login Test **********
11/28/2023 07:49:33 PM: INFO: ******* Starting Login DDT Test **********
11/28/2023 07:50:49 PM: INFO: ******* Starting Test_002_DDT_Login Test **********
11/28/2023 07:50:49 PM: INFO: ******* Starting Login DDT Test **********
11/28/2023 07:52:34 PM: INFO: ******* Starting Test_002_DDT_Login Test **********
11/28/2023 07:52:34 PM: INFO: ******* Starting Login DDT Test **********
11/28/2023 07:58:32 PM: INFO: ******* Starting Test_002_DDT_Login Test **********
11/28/2023 07:58:32 PM: INFO: ******* Starting Login DDT Test **********
11/28/2023 07:58:42 PM: INFO: **** passed ****
11/28/2023 07:58:48 PM: INFO: **** failed ****
11/28/2023 07:58:53 PM: INFO: **** failed ****
11/28/2023 07:58:59 PM: INFO: **** failed ****
11/28/2023 07:59:00 PM: INFO: ******* DDT Login test failed **********
11/28/2023 08:02:42 PM: INFO: ******* Starting Test_002_DDT_Login Test **********
11/28/2023 08:02:42 PM: INFO: ******* Starting Login DDT Test **********
11/28/2023 08:02:49 PM: INFO: **** passed ****
11/28/2023 08:02:55 PM: INFO: **** failed ****
11/28/2023 08:03:01 PM: INFO: **** failed ****
11/28/2023 08:03:07 PM: INFO: **** failed ****
11/28/2023 08:03:08 PM: INFO: ******* DDT Login test failed **********
11/28/2023 08:12:04 PM: INFO: ******* Starting Test_002_DDT_Login Test **********
11/28/2023 08:12:04 PM: INFO: ******* Starting Login DDT Test **********
11/28/2023 08:12:13 PM: INFO: **** passed ****
11/28/2023 08:12:19 PM: INFO: **** failed ****
11/28/2023 08:12:25 PM: INFO: **** failed ****
11/28/2023 08:12:31 PM: INFO: **** failed ****
11/28/2023 08:12:31 PM: INFO: ******* DDT Login test passed **********
11/28/2023 08:12:31 PM: INFO: ******* End of Login DDT Test **********
11/28/2023 08:12:31 PM: INFO: **************** Completed  TC_LoginDDT_002 ************* 
11/29/2023 10:15:56 AM: INFO: ******* Starting Test_002_DDT_Login Test **********
11/29/2023 10:15:56 AM: INFO: ******* Starting Login DDT Test **********
11/29/2023 10:16:06 AM: INFO: **** passed ****
11/29/2023 10:16:12 AM: INFO: **** failed ****
11/29/2023 10:16:17 AM: INFO: **** failed ****
11/29/2023 10:16:23 AM: INFO: **** failed ****
11/29/2023 10:16:23 AM: INFO: ******* DDT Login test passed **********
11/29/2023 10:16:23 AM: INFO: ******* End of Login DDT Test **********
11/29/2023 10:16:23 AM: INFO: **************** Completed  TC_LoginDDT_002 ************* 
11/29/2023 10:51:18 AM: INFO: ******* Starting Test_002_DDT_Login Test **********
11/29/2023 10:51:18 AM: INFO: ******* Starting Login DDT Test **********
11/29/2023 10:53:34 AM: INFO: ******* Starting Test_002_DDT_Login Test **********
11/29/2023 10:53:34 AM: INFO: ******* Starting Login DDT Test **********
11/29/2023 10:53:43 AM: INFO: **** passed ****
11/29/2023 10:53:50 AM: INFO: **** failed ****
11/29/2023 10:53:56 AM: INFO: **** failed ****
11/29/2023 10:54:03 AM: INFO: **** failed ****
11/29/2023 10:54:03 AM: INFO: ******* DDT Login test passed **********
11/29/2023 10:54:03 AM: INFO: ******* End of Login DDT Test **********
11/29/2023 10:54:03 AM: INFO: **************** Completed  TC_LoginDDT_002 ************* 
11/29/2023 11:24:35 AM: INFO: ******* Starting Test_002_DDT_Login Test **********
11/29/2023 11:24:35 AM: INFO: ******* Starting Login DDT Test **********
11/29/2023 11:24:42 AM: INFO: **** passed ****
11/29/2023 11:24:59 AM: INFO: ******* DDT Login test passed **********
11/29/2023 11:24:59 AM: INFO: ******* End of Login DDT Test **********
11/29/2023 11:24:59 AM: INFO: **************** Completed  TC_LoginDDT_002 ************* 
11/29/2023 11:57:58 AM: INFO: ******* Starting Test_002_DDT_Login Test **********
11/29/2023 11:57:58 AM: INFO: ******* Starting Login DDT Test **********
11/29/2023 11:58:16 AM: INFO: **** passed ****
11/29/2023 11:58:33 AM: INFO: ******* DDT Login test passed **********
11/29/2023 11:58:33 AM: INFO: ******* End of Login DDT Test **********
11/29/2023 11:58:33 AM: INFO: **************** Completed  TC_LoginDDT_002 ************* 
11/29/2023 12:12:25 PM: INFO: ******* Starting Test_002_DDT_Login Test **********
11/29/2023 12:12:25 PM: INFO: ******* Starting Login DDT Test **********
11/29/2023 12:15:55 PM: INFO: ******* Starting Test_002_DDT_Login Test **********
11/29/2023 12:15:55 PM: INFO: ******* Starting Login DDT Test **********
11/29/2023 12:19:37 PM: INFO: **** passed ****
11/29/2023 12:19:57 PM: INFO: ******* DDT Login test passed **********
11/29/2023 12:19:57 PM: INFO: ******* End of Login DDT Test **********
11/29/2023 12:19:57 PM: INFO: **************** Completed  TC_LoginDDT_002 ************* 
11/29/2023 12:22:20 PM: INFO: ******* Starting Test_002_DDT_Login Test **********
11/29/2023 12:22:20 PM: INFO: ******* Starting Login DDT Test **********
11/29/2023 12:22:36 PM: INFO: **** passed ****
11/29/2023 12:22:54 PM: INFO: ******* DDT Login test passed **********
11/29/2023 12:22:54 PM: INFO: ******* End of Login DDT Test **********
11/29/2023 12:22:54 PM: INFO: **************** Completed  TC_LoginDDT_002 ************* 
11/29/2023 12:32:45 PM: INFO: ******* Starting Test_002_DDT_Login Test **********
11/29/2023 12:32:45 PM: INFO: ******* Starting Login DDT Test **********
11/29/2023 12:33:09 PM: INFO: **** passed ****
11/29/2023 12:33:27 PM: INFO: ******* DDT Login test passed **********
11/29/2023 12:33:27 PM: INFO: ******* End of Login DDT Test **********
11/29/2023 12:33:27 PM: INFO: **************** Completed  TC_LoginDDT_002 ************* 
11/30/2023 10:56:21 PM: INFO: ******* Starting Test_002_DDT_Login Test **********
11/30/2023 10:56:21 PM: INFO: ******* Starting Login DDT Test **********
11/30/2023 10:56:39 PM: INFO: **** passed ****
11/30/2023 10:56:56 PM: INFO: ******* DDT Login test passed **********
11/30/2023 10:56:56 PM: INFO: ******* End of Login DDT Test **********
11/30/2023 10:56:56 PM: INFO: **************** Completed  TC_LoginDDT_002 ************* 
12/01/2023 03:58:57 PM: INFO: ******* Starting Test_002_DDT_Login Test **********
12/01/2023 03:58:57 PM: INFO: ******* Starting Login DDT Test **********
12/01/2023 03:59:55 PM: INFO: ******* Starting Test_002_DDT_Login Test **********
12/01/2023 03:59:55 PM: INFO: ******* Starting Login DDT Test **********
12/01/2023 04:00:02 PM: INFO: **** passed ****
12/01/2023 04:00:19 PM: INFO: ******* DDT Login test passed **********
12/01/2023 04:00:19 PM: INFO: ******* End of Login DDT Test **********
12/01/2023 04:00:19 PM: INFO: **************** Completed  TC_LoginDDT_002 ************* 
12/01/2023 04:00:22 PM: INFO: ****** title verifications *****:
12/01/2023 04:00:24 PM: INFO: ****** title verifications *****:
12/01/2023 04:00:28 PM: INFO: ****** title verifications *****:
12/01/2023 04:33:43 PM: INFO: ******* Starting Test_002_DDT_Login Test **********
12/01/2023 04:33:43 PM: INFO: ******* Starting Login DDT Test **********
12/01/2023 04:59:14 PM: INFO: ******* Starting Test_002_DDT_Login Test **********
12/01/2023 04:59:14 PM: INFO: ******* Starting Login DDT Test **********
12/01/2023 04:59:19 PM: INFO: ****** title verifications *****:
12/01/2023 05:05:59 PM: INFO: ******* Starting Test_002_DDT_Login Test **********
12/01/2023 05:05:59 PM: INFO: ******* Starting Login DDT Test **********
12/01/2023 05:06:04 PM: INFO: ****** title verifications *****:
12/01/2023 05:06:11 PM: INFO: ****** title verifications *****:
12/01/2023 05:33:35 PM: INFO: ******* Starting Test_002_DDT_Login Test **********
12/01/2023 05:33:35 PM: INFO: ******* Starting Login DDT Test **********
12/01/2023 05:33:42 PM: INFO: ****** title verifications *****:
12/01/2023 05:33:52 PM: INFO: ****** title verifications *****:
12/01/2023 05:52:24 PM: INFO: ******* Starting Test_002_DDT_Login Test **********
12/01/2023 05:52:24 PM: INFO: ******* Starting Login DDT Test **********
12/01/2023 05:52:40 PM: INFO: **** passed ****
12/01/2023 05:52:58 PM: INFO: ******* DDT Login test passed **********
12/01/2023 05:52:58 PM: INFO: ******* End of Login DDT Test **********
12/01/2023 05:52:58 PM: INFO: **************** Completed  TC_LoginDDT_002 ************* 
12/01/2023 05:53:02 PM: INFO: ****** title verifications *****:
12/01/2023 05:53:03 PM: INFO: ****** title verifications *****:
12/01/2023 05:53:07 PM: INFO: ****** title verifications *****:
12/01/2023 06:52:13 PM: INFO: ******* Starting Test_002_DDT_Login Test **********
12/01/2023 06:52:13 PM: INFO: ******* Starting Login DDT Test **********
12/01/2023 06:52:41 PM: INFO: **** passed ****
12/01/2023 06:52:57 PM: INFO: ******* DDT Login test passed **********
12/01/2023 06:52:57 PM: INFO: ******* End of Login DDT Test **********
12/01/2023 06:52:57 PM: INFO: **************** Completed  TC_LoginDDT_002 ************* 
12/01/2023 06:53:01 PM: INFO: ****** title verifications *****:
12/01/2023 06:53:02 PM: INFO: ****** title verifications *****:
12/01/2023 06:53:07 PM: INFO: ****** title verifications *****:
12/01/2023 10:24:41 PM: INFO: ******* Starting Test_002_DDT_Login Test **********
12/01/2023 10:24:41 PM: INFO: ******* Starting Login DDT Test **********
12/01/2023 11:41:26 PM: INFO: ******* Starting Test_002_DDT_Login Test **********
12/01/2023 11:41:26 PM: INFO: ******* Starting Login DDT Test **********
12/01/2023 11:41:32 PM: INFO: ****** title verifications *****:
12/02/2023 12:24:20 PM: INFO: ******* Starting Test_002_DDT_Login Test **********
12/02/2023 12:24:20 PM: INFO: ******* Starting Login DDT Test **********
12/02/2023 12:31:34 PM: INFO: ******* Starting Test_002_DDT_Login Test **********
12/02/2023 12:31:34 PM: INFO: ******* Starting Login DDT Test **********
12/02/2023 03:57:36 PM: INFO: ******* Starting Test_002_DDT_Login Test **********
12/02/2023 03:57:36 PM: INFO: ******* Starting Login DDT Test **********
12/02/2023 06:13:38 PM: INFO: ******* Starting Test_002_DDT_Login Test **********
12/02/2023 06:13:38 PM: INFO: ******* Starting Login DDT Test **********
12/02/2023 06:13:51 PM: INFO: ****** title verifications *****:
12/02/2023 06:13:57 PM: INFO: ****** title verifications *****:
12/02/2023 06:59:03 PM: INFO: ******* Starting Test_002_DDT_Login Test **********
12/02/2023 06:59:03 PM: INFO: ******* Starting Login DDT Test **********
12/02/2023 06:59:18 PM: INFO: ****** title verifications *****:
12/02/2023 06:59:30 PM: INFO: ****** title verifications *****:
12/02/2023 08:04:43 PM: INFO: ******* Starting Test_002_DDT_Login Test **********
12/02/2023 08:04:43 PM: INFO: ******* Starting Login DDT Test **********
12/02/2023 08:04:51 PM: INFO: ****** title verifications *****:
12/02/2023 08:08:02 PM: INFO: ******* Starting Test_002_DDT_Login Test **********
12/02/2023 08:08:02 PM: INFO: ******* Starting Login DDT Test **********
12/02/2023 08:08:11 PM: INFO: **** passed ****
12/02/2023 08:08:27 PM: INFO: ******* DDT Login test passed **********
12/02/2023 08:08:27 PM: INFO: ******* End of Login DDT Test **********
12/02/2023 08:08:27 PM: INFO: **************** Completed  TC_LoginDDT_002 ************* 
12/02/2023 08:08:31 PM: INFO: ****** title verifications *****:
12/02/2023 08:08:32 PM: INFO: ****** title verifications *****:
12/02/2023 08:08:36 PM: INFO: ****** title verifications *****:
12/02/2023 08:10:07 PM: INFO: ******* Starting Test_002_DDT_Login Test **********
12/02/2023 08:10:07 PM: INFO: ******* Starting Login DDT Test **********
12/02/2023 08:10:24 PM: INFO: **** passed ****
12/02/2023 08:10:40 PM: INFO: ******* DDT Login test passed **********
12/02/2023 08:10:40 PM: INFO: ******* End of Login DDT Test **********
12/02/2023 08:10:40 PM: INFO: **************** Completed  TC_LoginDDT_002 ************* 
12/02/2023 08:10:44 PM: INFO: ****** title verifications *****:
12/02/2023 08:10:45 PM: INFO: ****** title verifications *****:
12/02/2023 08:10:49 PM: INFO: ****** title verifications *****:
12/02/2023 08:14:33 PM: INFO: ******* Starting Test_002_DDT_Login Test **********
12/02/2023 08:14:33 PM: INFO: ******* Starting Login DDT Test **********
12/02/2023 08:14:56 PM: INFO: **** passed ****
12/02/2023 08:15:13 PM: INFO: ******* DDT Login test passed **********
12/02/2023 08:15:13 PM: INFO: ******* End of Login DDT Test **********
12/02/2023 08:15:13 PM: INFO: **************** Completed  TC_LoginDDT_002 ************* 
12/02/2023 08:15:16 PM: INFO: ****** title verifications *****:
12/02/2023 08:15:28 PM: INFO: ****** title verifications *****:
12/02/2023 08:15:32 PM: INFO: ****** title verifications *****:
12/02/2023 08:27:59 PM: INFO: ******* Starting Test_002_DDT_Login Test **********
12/02/2023 08:27:59 PM: INFO: ******* Starting Login DDT Test **********
12/02/2023 08:28:16 PM: INFO: **** passed ****
12/02/2023 08:28:32 PM: INFO: ******* DDT Login test passed **********
12/02/2023 08:28:32 PM: INFO: ******* End of Login DDT Test **********
12/02/2023 08:28:32 PM: INFO: **************** Completed  TC_LoginDDT_002 ************* 
12/02/2023 08:28:37 PM: INFO: ****** title verifications *****:
12/02/2023 08:28:38 PM: INFO: ****** title verifications *****:
12/02/2023 08:28:42 PM: INFO: ****** title verifications *****:
12/02/2023 08:31:43 PM: INFO: ******* Starting Test_002_DDT_Login Test **********
12/02/2023 08:31:43 PM: INFO: ******* Starting Login DDT Test **********
12/02/2023 08:31:50 PM: INFO: **** passed ****
12/02/2023 08:32:06 PM: INFO: ******* DDT Login test passed **********
12/02/2023 08:32:06 PM: INFO: ******* End of Login DDT Test **********
12/02/2023 08:32:06 PM: INFO: **************** Completed  TC_LoginDDT_002 ************* 
12/02/2023 08:32:10 PM: INFO: ****** title verifications *****:
12/02/2023 08:32:11 PM: INFO: ****** title verifications *****:
12/02/2023 08:32:15 PM: INFO: ****** title verifications *****:
12/02/2023 08:33:35 PM: INFO: ******* Starting Test_002_DDT_Login Test **********
12/02/2023 08:33:35 PM: INFO: ******* Starting Login DDT Test **********
12/02/2023 08:33:42 PM: INFO: **** passed ****
12/02/2023 08:33:59 PM: INFO: ******* DDT Login test passed **********
12/02/2023 08:33:59 PM: INFO: ******* End of Login DDT Test **********
12/02/2023 08:33:59 PM: INFO: **************** Completed  TC_LoginDDT_002 ************* 
12/02/2023 08:34:02 PM: INFO: ****** title verifications *****:
12/02/2023 08:38:42 PM: INFO: ******* Starting Test_002_DDT_Login Test **********
12/02/2023 08:38:42 PM: INFO: ******* Starting Login DDT Test **********
12/02/2023 08:38:49 PM: INFO: **** passed ****
12/02/2023 08:39:05 PM: INFO: ******* DDT Login test passed **********
12/02/2023 08:39:05 PM: INFO: ******* End of Login DDT Test **********
12/02/2023 08:39:05 PM: INFO: **************** Completed  TC_LoginDDT_002 ************* 
12/02/2023 08:39:09 PM: INFO: ****** title verifications *****:
12/02/2023 09:33:11 PM: INFO: ******* Starting Test_002_DDT_Login Test **********
12/02/2023 09:33:11 PM: INFO: ******* Starting Login DDT Test **********
12/02/2023 09:33:21 PM: INFO: **** passed ****
12/02/2023 09:33:38 PM: INFO: ******* DDT Login test passed **********
12/02/2023 09:33:38 PM: INFO: ******* End of Login DDT Test **********
12/02/2023 09:33:38 PM: INFO: **************** Completed  TC_LoginDDT_002 ************* 
12/02/2023 09:33:48 PM: INFO: ****** title verifications *****:
12/02/2023 09:33:49 PM: INFO: ****** title verifications *****:
12/02/2023 09:33:58 PM: INFO: ****** title verifications *****:
12/02/2023 09:38:12 PM: INFO: ******* Starting Test_002_DDT_Login Test **********
12/02/2023 09:38:12 PM: INFO: ******* Starting Login DDT Test **********
12/02/2023 09:38:19 PM: INFO: **** passed ****
12/02/2023 09:38:35 PM: INFO: ******* DDT Login test passed **********
12/02/2023 09:38:35 PM: INFO: ******* End of Login DDT Test **********
12/02/2023 09:38:35 PM: INFO: **************** Completed  TC_LoginDDT_002 ************* 
12/02/2023 09:38:40 PM: INFO: ****** title verifications *****:
12/02/2023 09:43:41 PM: INFO: ******* Starting Test_002_DDT_Login Test **********
12/02/2023 09:43:41 PM: INFO: ******* Starting Login DDT Test **********
12/02/2023 09:43:58 PM: INFO: **** passed ****
12/02/2023 09:44:14 PM: INFO: ******* DDT Login test passed **********
12/02/2023 09:44:14 PM: INFO: ******* End of Login DDT Test **********
12/02/2023 09:44:14 PM: INFO: **************** Completed  TC_LoginDDT_002 ************* 
12/02/2023 09:44:19 PM: INFO: ****** title verifications *****:
12/03/2023 06:23:14 AM: INFO: ******* Starting Test_002_DDT_Login Test **********
12/03/2023 06:23:14 AM: INFO: ******* Starting Login DDT Test **********
12/03/2023 06:23:25 AM: INFO: **** passed ****
12/03/2023 06:23:42 AM: INFO: ******* DDT Login test passed **********
12/03/2023 06:23:42 AM: INFO: ******* End of Login DDT Test **********
12/03/2023 06:23:42 AM: INFO: **************** Completed  TC_LoginDDT_002 ************* 
12/03/2023 06:23:47 AM: INFO: ****** title verifications *****:
12/03/2023 09:54:26 AM: INFO: ******* Starting Test_002_DDT_Login Test **********
12/03/2023 09:54:26 AM: INFO: ******* Starting Login DDT Test **********
12/03/2023 09:54:35 AM: INFO: **** passed ****
12/03/2023 09:54:52 AM: INFO: ******* DDT Login test passed **********
12/03/2023 09:54:52 AM: INFO: ******* End of Login DDT Test **********
12/03/2023 09:54:52 AM: INFO: **************** Completed  TC_LoginDDT_002 ************* 
12/03/2023 09:55:06 AM: INFO: ****** title verifications *****:
12/03/2023 10:00:01 AM: INFO: ******* Starting Test_002_DDT_Login Test **********
12/03/2023 10:00:01 AM: INFO: ******* Starting Login DDT Test **********
12/03/2023 10:00:28 AM: INFO: **** passed ****
12/03/2023 10:00:45 AM: INFO: ******* DDT Login test passed **********
12/03/2023 10:00:45 AM: INFO: ******* End of Login DDT Test **********
12/03/2023 10:00:45 AM: INFO: **************** Completed  TC_LoginDDT_002 ************* 
12/03/2023 10:00:49 AM: INFO: ****** title verifications *****:
12/03/2023 10:41:24 AM: INFO: ******* Starting Test_002_DDT_Login Test **********
12/03/2023 10:41:24 AM: INFO: ******* Starting Login DDT Test **********
12/03/2023 10:41:41 AM: INFO: **** passed ****
12/03/2023 10:42:01 AM: INFO: ******* DDT Login test passed **********
12/03/2023 10:42:01 AM: INFO: ******* End of Login DDT Test **********
12/03/2023 10:42:01 AM: INFO: **************** Completed  TC_LoginDDT_002 ************* 
12/03/2023 10:42:05 AM: INFO: ****** title verifications *****:
12/03/2023 12:41:18 PM: INFO: ******* Starting Test_002_DDT_Login Test **********
12/03/2023 12:41:18 PM: INFO: ******* Starting Login DDT Test **********
12/03/2023 12:41:36 PM: INFO: **** passed ****
12/03/2023 12:41:55 PM: INFO: ******* DDT Login test passed **********
12/03/2023 12:41:55 PM: INFO: ******* End of Login DDT Test **********
12/03/2023 12:41:55 PM: INFO: **************** Completed  TC_LoginDDT_002 ************* 
12/03/2023 12:42:02 PM: INFO: ****** title verifications *****:
12/06/2023 09:38:44 PM: INFO: ******* Starting Test_002_DDT_Login Test **********
12/06/2023 09:38:44 PM: INFO: ******* Starting Login DDT Test **********
12/06/2023 09:38:51 PM: INFO: ****** title verifications *****:
12/09/2023 08:20:53 PM: INFO: ******* Starting Test_002_DDT_Login Test **********
12/09/2023 08:20:53 PM: INFO: ******* Starting Login DDT Test **********
12/11/2023 12:04:55 PM: INFO: ****** title verifications *****:
12/11/2023 12:05:17 PM: INFO: ****** title verifications *****:
12/11/2023 12:05:32 PM: INFO: ****** title verifications *****:
